{
  "stats": {
    "suites": 1,
    "tests": 2,
    "passes": 2,
    "pending": 0,
    "failures": 0,
    "start": "2023-07-09T07:01:44.436Z",
    "end": "2023-07-09T07:01:46.381Z",
    "duration": 1945,
    "testsRegistered": 2,
    "passPercent": 100,
    "pendingPercent": 0,
    "other": 0,
    "hasOther": false,
    "skipped": 0,
    "hasSkipped": false
  },
  "results": [
    {
      "uuid": "1d594c39-24ec-4005-8a18-ec63ed1ceb3f",
      "title": "",
      "fullFile": "C:\\Users\\Andika\\git\\test-javascript-automation\\test\\api\\chaiAssert.js",
      "file": "\\test\\api\\chaiAssert.js",
      "beforeHooks": [],
      "afterHooks": [],
      "tests": [],
      "suites": [
        {
          "uuid": "8fd2c36c-145f-4d19-badc-2f17ec071cd7",
          "title": "Post Request Example",
          "fullFile": "C:\\Users\\Andika\\git\\test-javascript-automation\\test\\api\\chaiAssert.js",
          "file": "\\test\\api\\chaiAssert.js",
          "beforeHooks": [],
          "afterHooks": [],
          "tests": [
            {
              "title": "response status equal to 200",
              "fullTitle": "Post Request Example response status equal to 200",
              "timedOut": false,
              "duration": 1929,
              "state": "passed",
              "speed": "slow",
              "pass": true,
              "fail": false,
              "pending": false,
              "context": null,
              "code": "//check response status harus sama dengan 200\nexpect((await response).status).to.equal(200)",
              "err": {},
              "uuid": "d4fe6647-4b69-485a-8329-e440639f2e67",
              "parentUUID": "8fd2c36c-145f-4d19-badc-2f17ec071cd7",
              "isHook": false,
              "skipped": false
            },
            {
              "title": "response body to have own property",
              "fullTitle": "Post Request Example response body to have own property",
              "timedOut": false,
              "duration": 1,
              "state": "passed",
              "speed": "fast",
              "pass": true,
              "fail": false,
              "pending": false,
              "context": null,
              "code": "//check dalam response body terdapat value \"message\"\nexpect((await response).body).to.haveOwnProperty('message')",
              "err": {},
              "uuid": "58e8b405-1111-4dee-b504-33b7f5914c35",
              "parentUUID": "8fd2c36c-145f-4d19-badc-2f17ec071cd7",
              "isHook": false,
              "skipped": false
            }
          ],
          "suites": [],
          "passes": [
            "d4fe6647-4b69-485a-8329-e440639f2e67",
            "58e8b405-1111-4dee-b504-33b7f5914c35"
          ],
          "failures": [],
          "pending": [],
          "skipped": [],
          "duration": 1930,
          "root": false,
          "rootEmpty": false,
          "_timeout": 2000
        }
      ],
      "passes": [],
      "failures": [],
      "pending": [],
      "skipped": [],
      "duration": 0,
      "root": true,
      "rootEmpty": true,
      "_timeout": 2000
    }
  ],
  "meta": {
    "mocha": {
      "version": "10.2.0"
    },
    "mochawesome": {
      "options": {
        "quiet": false,
        "reportFilename": "mochawesome",
        "saveHtml": true,
        "saveJson": true,
        "consoleReporter": "spec",
        "useInlineDiffs": false,
        "code": true
      },
      "version": "7.1.3"
    },
    "marge": {
      "options": null,
      "version": "6.2.0"
    }
  }
}